Operating system: Microsoft Windows NT 6.2.9200.0
Opening INI file "C:\Users\sebll\Downloads\S1HackingStudio_v11_eng8\S1HackingStudio_v11_eng1\SourceCode\SonPLN - Copy.ini"...
Game type is S1.
Loading Title Screen Logo...
Loading plane mappings from file "mapeni/titlescrr.bin", using compression Enigma...
Loading palette file "pallet/sonic.bin"...
Source: 16 Destination: 0 Length: 64
Loading dummy tile data.
Loading 8x8 tiles from file "credits.bin", using compression Nemesis...
Mappings data size does not match given width/height. Expected: 1904 (34x28*2) Actual: 1496.
System.AggregateException: One or more errors occurred. ---> System.IndexOutOfRangeException: Index was outside the bounds of the array.
   at SonicRetro.SonLVL.SonPLN.MainForm.LoadLevelPalette() in E:\Programs\SonLVL\SonPLN\MainForm.cs:line 421
   at System.Threading.Tasks.Task.InnerInvoke()
   at System.Threading.Tasks.Task.Execute()
   --- End of inner exception stack trace ---
   at System.Threading.Tasks.Task.FastWaitAll(Task[] tasks)
   at System.Threading.Tasks.Parallel.Invoke(ParallelOptions parallelOptions, Action[] actions)
   at System.Threading.Tasks.Parallel.Invoke(Action[] actions)
   at SonicRetro.SonLVL.SonPLN.MainForm.backgroundLevelLoader_DoWork(Object sender, DoWorkEventArgs e) in E:\Programs\SonLVL\SonPLN\MainForm.cs:line 321
---> (Inner Exception #0) System.IndexOutOfRangeException: Index was outside the bounds of the array.
   at SonicRetro.SonLVL.SonPLN.MainForm.LoadLevelPalette() in E:\Programs\SonLVL\SonPLN\MainForm.cs:line 421
   at System.Threading.Tasks.Task.InnerInvoke()
   at System.Threading.Tasks.Task.Execute()<---

